 
****************************************
Report : area
Design : sync_counter
Version: L-2016.03-SP3
Date   : Thu Mar 14 17:04:20 2019
****************************************

Library(s) Used:

    saed32rvt_ff1p16v125c (File: /pkgs/synopsys/2016/libs/SAED32_EDK/lib/stdcell_rvt/db_nldm/saed32rvt_ff1p16v125c.db)

Number of ports:                            9
Number of nets:                            45
Number of cells:                           37
Number of combinational cells:             19
Number of sequential cells:                18
Number of macros/black boxes:               0
Number of buf/inv:                          5
Number of references:                       9

Combinational area:                 38.884033
Buf/Inv area:                        7.116032
Noncombinational area:             118.939396
Macro/Black Box area:                0.000000
Net Interconnect area:               7.936407

Total cell area:                   157.823429
Total area:                        165.759836
1
