Loading db file '/pkgs/synopsys/2016/libs/SAED32_EDK/lib/stdcell_rvt/db_nldm/saed32rvt_ff1p16v125c.db'
Information: Propagating switching activity (low effort zero delay simulation). (PWR-6)
Warning: Design has unannotated primary inputs. (PWR-414)
Warning: Design has unannotated sequential cell outputs. (PWR-415)
 
****************************************
Report : power
        -analysis_effort low
Design : sync_counter
Version: L-2016.03-SP3
Date   : Thu Mar 14 17:04:22 2019
****************************************


Library(s) Used:

    saed32rvt_ff1p16v125c (File: /pkgs/synopsys/2016/libs/SAED32_EDK/lib/stdcell_rvt/db_nldm/saed32rvt_ff1p16v125c.db)


Operating Conditions: ff1p16v125c   Library: saed32rvt_ff1p16v125c
Wire Load Model Mode: enclosed

Design        Wire Load Model            Library
------------------------------------------------
sync_counter           ForQA             saed32rvt_ff1p16v125c


Global Operating Voltage = 1.16 
Power-specific unit information :
    Voltage Units = 1V
    Capacitance Units = 1.000000ff
    Time Units = 1ns
    Dynamic Power Units = 1uW    (derived from V,C,T units)
    Leakage Power Units = 1pW


  Cell Internal Power  = -62.1442 uW  (124%)
  Net Switching Power  =  11.8638 uW  (-23%)
                         ---------
Total Dynamic Power    = -50.2804 uW  (100%)

Cell Leakage Power     =   1.8750 mW


                 Internal         Switching           Leakage            Total
Power Group      Power            Power               Power              Power   (   %    )  Attrs
--------------------------------------------------------------------------------------------------
io_pad             0.0000            0.0000            0.0000            0.0000  (   0.00%)
memory             0.0000            0.0000            0.0000            0.0000  (   0.00%)
black_box          0.0000            0.0000            0.0000            0.0000  (   0.00%)
clock_network     12.5507            7.0146        1.6014e+08          179.7068  (   9.85%)
register       -7.8863e+01            3.2753        1.6073e+09        1.5317e+03 (  83.94%)
sequential         0.0000            0.0000            0.0000            0.0000  (   0.00%)
combinational      4.1682            1.5739        1.0754e+08          113.2811  (   6.21%)
--------------------------------------------------------------------------------------------------
Total          -6.2144e+01 uW        11.8638 uW     1.8750e+09 pW     1.8247e+03 uW
1
