Information: Propagating switching activity (low effort zero delay simulation). (PWR-6)
Warning: Design has unannotated primary inputs. (PWR-414)
Warning: Design has unannotated sequential cell outputs. (PWR-415)
 
****************************************
Report : power
        -analysis_effort low
Design : sync_counter
Version: L-2016.03-SP3
Date   : Tue Mar 12 18:10:46 2019
****************************************


Library(s) Used:

    saed32rvt_ff1p16v125c (File: /pkgs/synopsys/2016/libs/SAED32_EDK/lib/stdcell_rvt/db_nldm/saed32rvt_ff1p16v125c.db)


Operating Conditions: ff1p16v125c   Library: saed32rvt_ff1p16v125c
Wire Load Model Mode: enclosed

Design        Wire Load Model            Library
------------------------------------------------
sync_counter           ForQA             saed32rvt_ff1p16v125c


Global Operating Voltage = 1.16 
Power-specific unit information :
    Voltage Units = 1V
    Capacitance Units = 1.000000ff
    Time Units = 1ns
    Dynamic Power Units = 1uW    (derived from V,C,T units)
    Leakage Power Units = 1pW


  Cell Internal Power  =  32.4447 nW    (1%)
  Net Switching Power  =   2.1331 uW   (99%)
                         ---------
Total Dynamic Power    =   2.1655 uW  (100%)

Cell Leakage Power     = 231.6854 uW


                 Internal         Switching           Leakage            Total
Power Group      Power            Power               Power              Power   (   %    )  Attrs
--------------------------------------------------------------------------------------------------
io_pad             0.0000            0.0000            0.0000            0.0000  (   0.00%)
memory             0.0000            0.0000            0.0000            0.0000  (   0.00%)
black_box          0.0000            0.0000            0.0000            0.0000  (   0.00%)
clock_network     12.3949            1.8306        1.6508e+07           30.7336  (  13.14%)
register       -1.2911e+01        5.2489e-02        1.7696e+08          164.1027 (  70.17%)
sequential         0.0000            0.0000            0.0000            0.0000  (   0.00%)
combinational      0.5485            0.2500        3.8216e+07           39.0146  (  16.68%)
--------------------------------------------------------------------------------------------------
Total          3.2445e-02 uW         2.1331 uW     2.3169e+08 pW       233.8509 uW
1
