Loading db file '/pkgs/synopsys/2016/libs/SAED32_EDK/lib/stdcell_rvt/db_nldm/saed32rvt_ff1p16v125c.db'
Information: Propagating switching activity (low effort zero delay simulation). (PWR-6)
Warning: Design has unannotated primary inputs. (PWR-414)
Warning: Design has unannotated sequential cell outputs. (PWR-415)
 
****************************************
Report : power
        -analysis_effort low
Design : sync_counter
Version: L-2016.03-SP3
Date   : Thu Mar 14 17:08:43 2019
****************************************


Library(s) Used:

    saed32rvt_ff1p16v125c (File: /pkgs/synopsys/2016/libs/SAED32_EDK/lib/stdcell_rvt/db_nldm/saed32rvt_ff1p16v125c.db)


Operating Conditions: ff1p16v125c   Library: saed32rvt_ff1p16v125c
Wire Load Model Mode: enclosed

Design        Wire Load Model            Library
------------------------------------------------
sync_counter           ForQA             saed32rvt_ff1p16v125c


Global Operating Voltage = 1.16 
Power-specific unit information :
    Voltage Units = 1V
    Capacitance Units = 1.000000ff
    Time Units = 1ns
    Dynamic Power Units = 1uW    (derived from V,C,T units)
    Leakage Power Units = 1pW


  Cell Internal Power  = 132.7932 nW    (5%)
  Net Switching Power  =   2.7399 uW   (95%)
                         ---------
Total Dynamic Power    =   2.8727 uW  (100%)

Cell Leakage Power     = 373.1287 uW


                 Internal         Switching           Leakage            Total
Power Group      Power            Power               Power              Power   (   %    )  Attrs
--------------------------------------------------------------------------------------------------
io_pad             0.0000            0.0000            0.0000            0.0000  (   0.00%)
memory             0.0000            0.0000            0.0000            0.0000  (   0.00%)
black_box          0.0000            0.0000            0.0000            0.0000  (   0.00%)
clock_network     17.6893            2.2217        3.3016e+07           52.9272  (  14.08%)
register       -1.8972e+01            0.1452        2.6432e+08          245.4932 (  65.29%)
sequential         0.0000            0.0000            0.0000            0.0000  (   0.00%)
combinational      1.4153            0.3730        7.5793e+07           77.5810  (  20.63%)
--------------------------------------------------------------------------------------------------
Total              0.1328 uW         2.7399 uW     3.7313e+08 pW       376.0014 uW
1
