Loading db file '/pkgs/synopsys/2016/libs/SAED32_EDK/lib/stdcell_rvt/db_nldm/saed32rvt_ff1p16v125c.db'
Information: Propagating switching activity (low effort zero delay simulation). (PWR-6)
Warning: Design has unannotated primary inputs. (PWR-414)
Warning: Design has unannotated sequential cell outputs. (PWR-415)
 
****************************************
Report : power
        -analysis_effort low
Design : sync_counter
Version: L-2016.03-SP3
Date   : Sat Mar  9 17:51:01 2019
****************************************


Library(s) Used:

    saed32rvt_ff1p16v125c (File: /pkgs/synopsys/2016/libs/SAED32_EDK/lib/stdcell_rvt/db_nldm/saed32rvt_ff1p16v125c.db)


Operating Conditions: ff1p16v125c   Library: saed32rvt_ff1p16v125c
Wire Load Model Mode: enclosed

Design        Wire Load Model            Library
------------------------------------------------
sync_counter           ForQA             saed32rvt_ff1p16v125c


Global Operating Voltage = 1.16 
Power-specific unit information :
    Voltage Units = 1V
    Capacitance Units = 1.000000ff
    Time Units = 1ns
    Dynamic Power Units = 1uW    (derived from V,C,T units)
    Leakage Power Units = 1pW


  Cell Internal Power  = -169.4563 uW  (107%)
  Net Switching Power  =  11.6844 uW   (-6%)
                         ---------
Total Dynamic Power    = -157.7719 uW  (100%)

Cell Leakage Power     =   1.8866 mW


                 Internal         Switching           Leakage            Total
Power Group      Power            Power               Power              Power   (   %    )  Attrs
--------------------------------------------------------------------------------------------------
io_pad             0.0000            0.0000            0.0000            0.0000  (   0.00%)
memory             0.0000            0.0000            0.0000            0.0000  (   0.00%)
black_box          0.0000            0.0000            0.0000            0.0000  (   0.00%)
clock_network      7.5557            7.0114        2.9626e+08          310.8282  (  17.98%)
register       -1.7726e+02            4.6226        1.5630e+09        1.3903e+03 (  80.42%)
sequential         0.0000            0.0000            0.0000            0.0000  (   0.00%)
combinational      0.2498        5.0413e-02        2.7435e+07           27.7352  (   1.60%)
--------------------------------------------------------------------------------------------------
Total          -1.6946e+02 uW        11.6844 uW     1.8866e+09 pW     1.7289e+03 uW
1
